mode: set
github.com/openmined/syfthub-desktop-gui/internal/app/app.go:42.30,51.2 1 1
github.com/openmined/syfthub-desktop-gui/internal/app/app.go:54.30,57.47 2 1
github.com/openmined/syfthub-desktop-gui/internal/app/app.go:57.47,59.3 1 1
github.com/openmined/syfthub-desktop-gui/internal/app/app.go:60.2,60.44 1 1
github.com/openmined/syfthub-desktop-gui/internal/app/app.go:60.44,64.3 2 1
github.com/openmined/syfthub-desktop-gui/internal/app/app.go:65.2,65.57 1 1
github.com/openmined/syfthub-desktop-gui/internal/app/app.go:65.57,67.3 1 1
github.com/openmined/syfthub-desktop-gui/internal/app/app.go:68.2,68.42 1 1
github.com/openmined/syfthub-desktop-gui/internal/app/app.go:68.42,70.3 1 1
github.com/openmined/syfthub-desktop-gui/internal/app/app.go:71.2,71.51 1 1
github.com/openmined/syfthub-desktop-gui/internal/app/app.go:71.51,73.3 1 1
github.com/openmined/syfthub-desktop-gui/internal/app/app.go:75.2,75.12 1 1
github.com/openmined/syfthub-desktop-gui/internal/app/app.go:79.37,80.16 1 0
github.com/openmined/syfthub-desktop-gui/internal/app/app.go:80.16,82.3 1 0
github.com/openmined/syfthub-desktop-gui/internal/app/app.go:85.2,86.16 2 0
github.com/openmined/syfthub-desktop-gui/internal/app/app.go:86.16,88.3 1 0
github.com/openmined/syfthub-desktop-gui/internal/app/app.go:89.2,103.16 5 0
github.com/openmined/syfthub-desktop-gui/internal/app/app.go:103.16,106.3 2 0
github.com/openmined/syfthub-desktop-gui/internal/app/app.go:108.2,109.16 2 0
github.com/openmined/syfthub-desktop-gui/internal/app/app.go:109.16,112.3 1 0
github.com/openmined/syfthub-desktop-gui/internal/app/app.go:114.2,122.21 2 0
github.com/openmined/syfthub-desktop-gui/internal/app/app.go:122.21,124.3 1 0
github.com/openmined/syfthub-desktop-gui/internal/app/app.go:126.2,126.17 1 0
github.com/openmined/syfthub-desktop-gui/internal/app/app.go:130.81,132.23 1 0
github.com/openmined/syfthub-desktop-gui/internal/app/app.go:132.23,133.52 1 0
github.com/openmined/syfthub-desktop-gui/internal/app/app.go:133.52,135.4 1 0
github.com/openmined/syfthub-desktop-gui/internal/app/app.go:139.2,139.23 1 0
github.com/openmined/syfthub-desktop-gui/internal/app/app.go:139.23,141.3 1 0
github.com/openmined/syfthub-desktop-gui/internal/app/app.go:147.54,149.2 1 0
github.com/openmined/syfthub-desktop-gui/internal/app/app.go:153.66,155.2 1 0
github.com/openmined/syfthub-desktop-gui/internal/app/app.go:158.127,159.23 1 0
github.com/openmined/syfthub-desktop-gui/internal/app/app.go:159.23,165.3 1 0
github.com/openmined/syfthub-desktop-gui/internal/app/app.go:166.2,166.42 1 0
github.com/openmined/syfthub-desktop-gui/internal/app/app.go:170.91,171.23 1 0
github.com/openmined/syfthub-desktop-gui/internal/app/app.go:171.23,173.3 1 0
github.com/openmined/syfthub-desktop-gui/internal/app/app.go:174.2,174.39 1 0
github.com/openmined/syfthub-desktop-gui/internal/app/app.go:178.99,179.23 1 0
github.com/openmined/syfthub-desktop-gui/internal/app/app.go:179.23,181.3 1 0
github.com/openmined/syfthub-desktop-gui/internal/app/app.go:182.2,182.48 1 0
github.com/openmined/syfthub-desktop-gui/internal/app/app.go:186.66,187.23 1 0
github.com/openmined/syfthub-desktop-gui/internal/app/app.go:187.23,189.3 1 0
github.com/openmined/syfthub-desktop-gui/internal/app/app.go:190.2,190.41 1 0
github.com/openmined/syfthub-desktop-gui/internal/app/app.go:194.48,198.32 2 0
github.com/openmined/syfthub-desktop-gui/internal/app/app.go:198.32,200.3 1 0
github.com/openmined/syfthub-desktop-gui/internal/app/app.go:200.8,200.38 1 0
github.com/openmined/syfthub-desktop-gui/internal/app/app.go:200.38,202.3 1 0
github.com/openmined/syfthub-desktop-gui/internal/app/app.go:202.8,204.3 1 0
github.com/openmined/syfthub-desktop-gui/internal/app/app.go:207.2,216.16 2 0
github.com/openmined/syfthub-desktop-gui/internal/app/app.go:216.16,218.3 1 0
github.com/openmined/syfthub-desktop-gui/internal/app/app.go:219.2,224.16 4 0
github.com/openmined/syfthub-desktop-gui/internal/app/app.go:224.16,226.3 1 0
github.com/openmined/syfthub-desktop-gui/internal/app/app.go:226.8,229.32 3 0
github.com/openmined/syfthub-desktop-gui/internal/app/app.go:229.32,235.4 1 0
github.com/openmined/syfthub-desktop-gui/internal/app/app.go:239.2,240.16 2 0
github.com/openmined/syfthub-desktop-gui/internal/app/app.go:240.16,242.3 1 0
github.com/openmined/syfthub-desktop-gui/internal/app/app.go:243.2,246.32 2 0
github.com/openmined/syfthub-desktop-gui/internal/app/app.go:246.32,256.3 2 0
github.com/openmined/syfthub-desktop-gui/internal/app/app.go:259.2,259.50 1 0
github.com/openmined/syfthub-desktop-gui/internal/app/app.go:259.50,262.3 2 0
github.com/openmined/syfthub-desktop-gui/internal/app/app.go:264.2,264.51 1 0
github.com/openmined/syfthub-desktop-gui/internal/app/app.go:264.51,267.3 2 0
github.com/openmined/syfthub-desktop-gui/internal/app/app.go:269.2,269.12 1 0
github.com/openmined/syfthub-desktop-gui/internal/app/app.go:273.46,283.2 3 0
github.com/openmined/syfthub-desktop-gui/internal/app/app.go:286.51,288.23 1 0
github.com/openmined/syfthub-desktop-gui/internal/app/app.go:288.23,289.44 1 0
github.com/openmined/syfthub-desktop-gui/internal/app/app.go:289.44,291.4 1 0
github.com/openmined/syfthub-desktop-gui/internal/app/app.go:293.2,293.28 1 0
github.com/openmined/syfthub-desktop-gui/internal/app/app.go:297.62,302.66 3 0
github.com/openmined/syfthub-desktop-gui/internal/app/app.go:302.66,304.3 1 0
github.com/openmined/syfthub-desktop-gui/internal/app/app.go:304.8,306.3 1 0
github.com/openmined/syfthub-desktop-gui/internal/app/app.go:309.2,309.33 1 0
github.com/openmined/syfthub-desktop-gui/internal/app/app.go:309.33,311.3 1 0
github.com/openmined/syfthub-desktop-gui/internal/app/app.go:315.105,316.24 1 0
github.com/openmined/syfthub-desktop-gui/internal/app/app.go:316.24,318.3 1 0
github.com/openmined/syfthub-desktop-gui/internal/app/app.go:319.2,319.34 1 0
github.com/openmined/syfthub-desktop-gui/internal/app/app.go:323.109,330.16 4 0
github.com/openmined/syfthub-desktop-gui/internal/app/app.go:330.16,337.3 2 0
github.com/openmined/syfthub-desktop-gui/internal/app/app.go:339.2,348.4 2 0
github.com/openmined/syfthub-desktop-gui/internal/app/app.go:352.88,364.2 2 0
github.com/openmined/syfthub-desktop-gui/internal/app/app.go:367.60,368.24 1 0
github.com/openmined/syfthub-desktop-gui/internal/app/app.go:368.24,370.3 1 0
github.com/openmined/syfthub-desktop-gui/internal/app/app.go:371.2,371.55 1 0
github.com/openmined/syfthub-desktop-gui/internal/app/app.go:379.54,379.86 1 0
github.com/openmined/syfthub-desktop-gui/internal/app/app.go:380.54,380.85 1 0
github.com/openmined/syfthub-desktop-gui/internal/app/app.go:381.54,381.85 1 0
github.com/openmined/syfthub-desktop-gui/internal/app/app.go:382.54,382.86 1 0
github.com/openmined/syfthub-desktop-gui/internal/app/app.go:384.53,385.38 1 1
github.com/openmined/syfthub-desktop-gui/internal/app/app.go:385.38,387.3 1 1
github.com/openmined/syfthub-desktop-gui/internal/app/app.go:388.2,388.19 1 1
github.com/openmined/syfthub-desktop-gui/internal/app/app.go:402.43,405.2 1 1
github.com/openmined/syfthub-desktop-gui/internal/app/app.go:408.45,409.18 1 0
github.com/openmined/syfthub-desktop-gui/internal/app/app.go:409.18,411.3 1 0
github.com/openmined/syfthub-desktop-gui/internal/app/app.go:413.2,414.21 2 0
github.com/openmined/syfthub-desktop-gui/internal/app/app.go:414.21,416.3 1 0
github.com/openmined/syfthub-desktop-gui/internal/app/app.go:418.2,421.31 3 0
github.com/openmined/syfthub-desktop-gui/internal/app/app.go:421.31,430.3 1 0
github.com/openmined/syfthub-desktop-gui/internal/app/app.go:432.2,432.15 1 0
github.com/openmined/syfthub-desktop-gui/internal/app/app.go:436.39,437.23 1 0
github.com/openmined/syfthub-desktop-gui/internal/app/app.go:437.23,439.3 1 0
github.com/openmined/syfthub-desktop-gui/internal/app/app.go:441.2,442.16 2 0
github.com/openmined/syfthub-desktop-gui/internal/app/app.go:442.16,444.3 1 0
github.com/openmined/syfthub-desktop-gui/internal/app/app.go:446.2,450.66 3 0
github.com/openmined/syfthub-desktop-gui/internal/app/app.go:450.66,452.3 1 0
github.com/openmined/syfthub-desktop-gui/internal/app/app.go:454.2,454.12 1 0
github.com/openmined/syfthub-desktop-gui/internal/app/app.go:459.66,460.18 1 0
github.com/openmined/syfthub-desktop-gui/internal/app/app.go:460.18,462.3 1 0
github.com/openmined/syfthub-desktop-gui/internal/app/app.go:463.2,463.51 1 0
github.com/openmined/syfthub-desktop-gui/internal/app/app.go:468.36,469.18 1 0
github.com/openmined/syfthub-desktop-gui/internal/app/app.go:469.18,471.3 1 0
github.com/openmined/syfthub-desktop-gui/internal/app/app.go:472.2,472.28 1 0
github.com/openmined/syfthub-desktop-gui/app.go:36.20,41.2 1 1
github.com/openmined/syfthub-desktop-gui/app.go:45.44,50.16 3 0
github.com/openmined/syfthub-desktop-gui/app.go:50.16,52.3 1 0
github.com/openmined/syfthub-desktop-gui/app.go:53.2,56.27 2 0
github.com/openmined/syfthub-desktop-gui/app.go:56.27,60.32 2 0
github.com/openmined/syfthub-desktop-gui/app.go:60.32,62.4 1 0
github.com/openmined/syfthub-desktop-gui/app.go:63.3,63.28 1 0
github.com/openmined/syfthub-desktop-gui/app.go:63.28,67.91 2 0
github.com/openmined/syfthub-desktop-gui/app.go:67.91,69.5 1 0
github.com/openmined/syfthub-desktop-gui/app.go:73.3,74.17 2 0
github.com/openmined/syfthub-desktop-gui/app.go:74.17,76.4 1 0
github.com/openmined/syfthub-desktop-gui/app.go:77.8,80.17 2 0
github.com/openmined/syfthub-desktop-gui/app.go:80.17,82.49 2 0
github.com/openmined/syfthub-desktop-gui/app.go:82.49,85.49 2 0
github.com/openmined/syfthub-desktop-gui/app.go:85.49,87.6 1 0
github.com/openmined/syfthub-desktop-gui/app.go:88.10,90.5 1 0
github.com/openmined/syfthub-desktop-gui/app.go:95.2,102.85 6 0
github.com/openmined/syfthub-desktop-gui/app.go:106.89,115.16 5 0
github.com/openmined/syfthub-desktop-gui/app.go:115.16,117.3 1 0
github.com/openmined/syfthub-desktop-gui/app.go:119.2,119.25 1 0
github.com/openmined/syfthub-desktop-gui/app.go:119.25,121.3 1 0
github.com/openmined/syfthub-desktop-gui/app.go:124.2,128.12 4 0
github.com/openmined/syfthub-desktop-gui/app.go:132.45,140.13 5 0
github.com/openmined/syfthub-desktop-gui/app.go:140.13,142.3 1 0
github.com/openmined/syfthub-desktop-gui/app.go:146.38,158.54 5 0
github.com/openmined/syfthub-desktop-gui/app.go:158.54,160.3 1 0
github.com/openmined/syfthub-desktop-gui/app.go:162.2,162.13 1 0
github.com/openmined/syfthub-desktop-gui/app.go:166.45,172.19 4 0
github.com/openmined/syfthub-desktop-gui/app.go:172.19,175.3 2 0
github.com/openmined/syfthub-desktop-gui/app.go:177.2,181.31 4 0
github.com/openmined/syfthub-desktop-gui/app.go:181.31,191.3 1 0
github.com/openmined/syfthub-desktop-gui/app.go:193.2,193.15 1 0
github.com/openmined/syfthub-desktop-gui/app.go:197.38,201.21 3 0
github.com/openmined/syfthub-desktop-gui/app.go:201.21,203.3 1 0
github.com/openmined/syfthub-desktop-gui/app.go:205.2,213.3 1 0
github.com/openmined/syfthub-desktop-gui/app.go:218.29,222.57 2 0
github.com/openmined/syfthub-desktop-gui/app.go:222.57,225.3 2 0
github.com/openmined/syfthub-desktop-gui/app.go:228.2,237.16 6 0
github.com/openmined/syfthub-desktop-gui/app.go:237.16,240.3 2 0
github.com/openmined/syfthub-desktop-gui/app.go:243.2,252.43 7 0
github.com/openmined/syfthub-desktop-gui/app.go:252.43,256.3 3 0
github.com/openmined/syfthub-desktop-gui/app.go:259.2,259.36 1 0
github.com/openmined/syfthub-desktop-gui/app.go:259.36,262.3 2 0
github.com/openmined/syfthub-desktop-gui/app.go:265.2,265.52 1 0
github.com/openmined/syfthub-desktop-gui/app.go:265.52,268.3 2 0
github.com/openmined/syfthub-desktop-gui/app.go:271.2,271.12 1 0
github.com/openmined/syfthub-desktop-gui/app.go:271.12,283.42 8 0
github.com/openmined/syfthub-desktop-gui/app.go:283.42,285.27 1 0
github.com/openmined/syfthub-desktop-gui/app.go:285.27,287.5 1 0
github.com/openmined/syfthub-desktop-gui/app.go:291.3,292.28 2 0
github.com/openmined/syfthub-desktop-gui/app.go:292.28,294.4 1 0
github.com/openmined/syfthub-desktop-gui/app.go:295.3,298.52 4 0
github.com/openmined/syfthub-desktop-gui/app.go:301.2,301.12 1 0
github.com/openmined/syfthub-desktop-gui/app.go:305.28,309.57 2 0
github.com/openmined/syfthub-desktop-gui/app.go:309.57,312.3 2 0
github.com/openmined/syfthub-desktop-gui/app.go:315.2,325.19 8 0
github.com/openmined/syfthub-desktop-gui/app.go:325.19,327.3 1 0
github.com/openmined/syfthub-desktop-gui/app.go:330.2,330.17 1 0
github.com/openmined/syfthub-desktop-gui/app.go:330.17,333.52 3 0
github.com/openmined/syfthub-desktop-gui/app.go:333.52,335.4 1 0
github.com/openmined/syfthub-desktop-gui/app.go:339.2,339.9 1 0
github.com/openmined/syfthub-desktop-gui/app.go:340.17,340.17 0 0
github.com/openmined/syfthub-desktop-gui/app.go:342.38,343.67 1 0
github.com/openmined/syfthub-desktop-gui/app.go:346.2,346.12 1 0
github.com/openmined/syfthub-desktop-gui/app.go:350.39,355.17 4 0
github.com/openmined/syfthub-desktop-gui/app.go:355.17,357.3 1 0
github.com/openmined/syfthub-desktop-gui/app.go:359.2,361.47 2 0
github.com/openmined/syfthub-desktop-gui/app.go:361.47,363.3 1 0
github.com/openmined/syfthub-desktop-gui/app.go:366.2,368.12 2 0
github.com/openmined/syfthub-desktop-gui/app.go:372.41,374.2 1 1
github.com/openmined/syfthub-desktop-gui/app.go:377.51,379.2 1 0
github.com/openmined/syfthub-desktop-gui/app.go:382.44,389.2 6 0
github.com/openmined/syfthub-desktop-gui/app.go:392.32,394.57 2 1
github.com/openmined/syfthub-desktop-gui/app.go:394.57,396.3 1 1
github.com/openmined/syfthub-desktop-gui/app.go:397.2,397.15 1 1
github.com/openmined/syfthub-desktop-gui/app.go:401.34,407.2 5 0
github.com/openmined/syfthub-desktop-gui/app.go:410.39,414.23 4 0
github.com/openmined/syfthub-desktop-gui/app.go:414.23,416.3 1 0
github.com/openmined/syfthub-desktop-gui/app.go:417.2,417.19 1 0
github.com/openmined/syfthub-desktop-gui/app.go:422.80,435.47 4 0
github.com/openmined/syfthub-desktop-gui/app.go:435.47,437.3 1 0
github.com/openmined/syfthub-desktop-gui/app.go:440.2,440.58 1 0
github.com/openmined/syfthub-desktop-gui/app.go:440.58,442.3 1 0
github.com/openmined/syfthub-desktop-gui/app.go:445.2,446.18 2 0
github.com/openmined/syfthub-desktop-gui/app.go:446.18,448.3 1 0
github.com/openmined/syfthub-desktop-gui/app.go:451.2,452.16 2 0
github.com/openmined/syfthub-desktop-gui/app.go:452.16,454.3 1 0
github.com/openmined/syfthub-desktop-gui/app.go:457.2,464.12 6 0
github.com/openmined/syfthub-desktop-gui/app.go:468.48,470.16 2 0
github.com/openmined/syfthub-desktop-gui/app.go:470.16,472.3 1 0
github.com/openmined/syfthub-desktop-gui/app.go:473.2,473.13 1 0
github.com/openmined/syfthub-desktop-gui/app.go:477.39,479.16 2 0
github.com/openmined/syfthub-desktop-gui/app.go:479.16,481.3 1 0
github.com/openmined/syfthub-desktop-gui/app.go:482.2,482.12 1 0
github.com/openmined/syfthub-desktop-gui/app.go:486.52,490.16 2 0
github.com/openmined/syfthub-desktop-gui/app.go:490.16,493.3 2 0
github.com/openmined/syfthub-desktop-gui/app.go:494.2,494.13 1 0
github.com/openmined/syfthub-desktop-gui/app.go:502.95,507.17 4 0
github.com/openmined/syfthub-desktop-gui/app.go:507.17,513.3 1 0
github.com/openmined/syfthub-desktop-gui/app.go:515.2,522.16 3 0
github.com/openmined/syfthub-desktop-gui/app.go:522.16,524.3 1 0
github.com/openmined/syfthub-desktop-gui/app.go:527.2,527.43 1 0
github.com/openmined/syfthub-desktop-gui/app.go:531.59,536.17 4 0
github.com/openmined/syfthub-desktop-gui/app.go:536.17,538.3 1 0
github.com/openmined/syfthub-desktop-gui/app.go:540.2,541.16 2 0
github.com/openmined/syfthub-desktop-gui/app.go:541.16,543.3 1 0
github.com/openmined/syfthub-desktop-gui/app.go:546.2,546.36 1 0
github.com/openmined/syfthub-desktop-gui/app.go:550.74,555.17 4 0
github.com/openmined/syfthub-desktop-gui/app.go:555.17,557.3 1 0
github.com/openmined/syfthub-desktop-gui/app.go:559.2,560.16 2 0
github.com/openmined/syfthub-desktop-gui/app.go:560.16,562.3 1 0
github.com/openmined/syfthub-desktop-gui/app.go:564.2,564.36 1 0
github.com/openmined/syfthub-desktop-gui/app.go:568.45,573.17 4 0
github.com/openmined/syfthub-desktop-gui/app.go:573.17,575.3 1 0
github.com/openmined/syfthub-desktop-gui/app.go:577.2,577.52 1 0
github.com/openmined/syfthub-desktop-gui/app.go:581.79,583.34 2 1
github.com/openmined/syfthub-desktop-gui/app.go:583.34,585.3 1 1
github.com/openmined/syfthub-desktop-gui/app.go:587.2,591.3 1 1
github.com/openmined/syfthub-desktop-gui/app.go:595.69,604.21 2 1
github.com/openmined/syfthub-desktop-gui/app.go:604.21,611.3 1 1
github.com/openmined/syfthub-desktop-gui/app.go:613.2,613.24 1 1
github.com/openmined/syfthub-desktop-gui/app.go:613.24,620.36 2 1
github.com/openmined/syfthub-desktop-gui/app.go:620.36,622.45 2 1
github.com/openmined/syfthub-desktop-gui/app.go:622.45,627.5 1 1
github.com/openmined/syfthub-desktop-gui/app.go:628.4,628.33 1 1
github.com/openmined/syfthub-desktop-gui/app.go:632.2,632.25 1 1
github.com/openmined/syfthub-desktop-gui/app.go:632.25,641.3 1 1
github.com/openmined/syfthub-desktop-gui/app.go:643.2,643.23 1 1
github.com/openmined/syfthub-desktop-gui/app.go:643.23,651.3 1 1
github.com/openmined/syfthub-desktop-gui/app.go:653.2,653.23 1 1
github.com/openmined/syfthub-desktop-gui/app.go:653.23,659.3 1 1
github.com/openmined/syfthub-desktop-gui/app.go:661.2,661.14 1 1
github.com/openmined/syfthub-desktop-gui/app.go:665.60,674.34 2 1
github.com/openmined/syfthub-desktop-gui/app.go:674.34,677.3 2 1
github.com/openmined/syfthub-desktop-gui/app.go:679.2,679.15 1 1
github.com/openmined/syfthub-desktop-gui/endpoint_operations.go:72.71,78.21 4 0
github.com/openmined/syfthub-desktop-gui/endpoint_operations.go:78.21,81.3 2 0
github.com/openmined/syfthub-desktop-gui/endpoint_operations.go:83.2,88.56 4 0
github.com/openmined/syfthub-desktop-gui/endpoint_operations.go:88.56,91.3 2 0
github.com/openmined/syfthub-desktop-gui/endpoint_operations.go:94.2,104.47 3 0
github.com/openmined/syfthub-desktop-gui/endpoint_operations.go:104.47,106.58 2 0
github.com/openmined/syfthub-desktop-gui/endpoint_operations.go:106.58,108.4 1 0
github.com/openmined/syfthub-desktop-gui/endpoint_operations.go:111.3,111.78 1 0
github.com/openmined/syfthub-desktop-gui/endpoint_operations.go:111.78,112.30 1 0
github.com/openmined/syfthub-desktop-gui/endpoint_operations.go:112.30,114.5 1 0
github.com/openmined/syfthub-desktop-gui/endpoint_operations.go:115.4,115.30 1 0
github.com/openmined/syfthub-desktop-gui/endpoint_operations.go:115.30,117.5 1 0
github.com/openmined/syfthub-desktop-gui/endpoint_operations.go:118.4,118.37 1 0
github.com/openmined/syfthub-desktop-gui/endpoint_operations.go:118.37,120.5 1 0
github.com/openmined/syfthub-desktop-gui/endpoint_operations.go:121.4,121.30 1 0
github.com/openmined/syfthub-desktop-gui/endpoint_operations.go:121.30,123.5 1 0
github.com/openmined/syfthub-desktop-gui/endpoint_operations.go:124.4,124.33 1 0
github.com/openmined/syfthub-desktop-gui/endpoint_operations.go:124.33,126.5 1 0
github.com/openmined/syfthub-desktop-gui/endpoint_operations.go:127.4,127.34 1 0
github.com/openmined/syfthub-desktop-gui/endpoint_operations.go:127.34,129.5 1 0
github.com/openmined/syfthub-desktop-gui/endpoint_operations.go:130.9,132.4 1 0
github.com/openmined/syfthub-desktop-gui/endpoint_operations.go:136.2,137.57 2 0
github.com/openmined/syfthub-desktop-gui/endpoint_operations.go:137.57,139.3 1 0
github.com/openmined/syfthub-desktop-gui/endpoint_operations.go:142.2,143.77 2 0
github.com/openmined/syfthub-desktop-gui/endpoint_operations.go:143.77,147.3 3 0
github.com/openmined/syfthub-desktop-gui/endpoint_operations.go:150.2,151.56 2 0
github.com/openmined/syfthub-desktop-gui/endpoint_operations.go:151.56,153.3 1 0
github.com/openmined/syfthub-desktop-gui/endpoint_operations.go:156.2,157.64 2 0
github.com/openmined/syfthub-desktop-gui/endpoint_operations.go:157.64,159.3 1 0
github.com/openmined/syfthub-desktop-gui/endpoint_operations.go:161.2,164.20 2 0
github.com/openmined/syfthub-desktop-gui/endpoint_operations.go:179.87,181.16 2 1
github.com/openmined/syfthub-desktop-gui/endpoint_operations.go:181.16,183.3 1 0
github.com/openmined/syfthub-desktop-gui/endpoint_operations.go:184.2,189.21 3 1
github.com/openmined/syfthub-desktop-gui/endpoint_operations.go:189.21,191.3 1 0
github.com/openmined/syfthub-desktop-gui/endpoint_operations.go:193.2,194.24 2 1
github.com/openmined/syfthub-desktop-gui/endpoint_operations.go:194.24,196.3 1 1
github.com/openmined/syfthub-desktop-gui/endpoint_operations.go:199.2,202.21 3 1
github.com/openmined/syfthub-desktop-gui/endpoint_operations.go:202.21,204.39 2 1
github.com/openmined/syfthub-desktop-gui/endpoint_operations.go:204.39,206.9 2 1
github.com/openmined/syfthub-desktop-gui/endpoint_operations.go:208.3,208.38 1 1
github.com/openmined/syfthub-desktop-gui/endpoint_operations.go:211.2,211.38 1 1
github.com/openmined/syfthub-desktop-gui/endpoint_operations.go:211.38,213.3 1 0
github.com/openmined/syfthub-desktop-gui/endpoint_operations.go:215.2,215.17 1 1
github.com/openmined/syfthub-desktop-gui/endpoint_operations.go:215.17,217.3 1 1
github.com/openmined/syfthub-desktop-gui/endpoint_operations.go:220.2,221.21 2 1
github.com/openmined/syfthub-desktop-gui/endpoint_operations.go:221.21,223.3 1 1
github.com/openmined/syfthub-desktop-gui/endpoint_operations.go:225.2,225.38 1 1
github.com/openmined/syfthub-desktop-gui/endpoint_operations.go:225.38,227.3 1 0
github.com/openmined/syfthub-desktop-gui/endpoint_operations.go:230.2,232.74 3 1
github.com/openmined/syfthub-desktop-gui/endpoint_operations.go:232.74,234.3 1 0
github.com/openmined/syfthub-desktop-gui/endpoint_operations.go:236.2,238.32 2 1
github.com/openmined/syfthub-desktop-gui/endpoint_operations.go:242.90,245.16 2 1
github.com/openmined/syfthub-desktop-gui/endpoint_operations.go:245.16,247.3 1 0
github.com/openmined/syfthub-desktop-gui/endpoint_operations.go:249.2,252.61 2 1
github.com/openmined/syfthub-desktop-gui/endpoint_operations.go:252.61,254.3 1 0
github.com/openmined/syfthub-desktop-gui/endpoint_operations.go:256.2,257.34 2 1
github.com/openmined/syfthub-desktop-gui/endpoint_operations.go:257.34,258.43 1 1
github.com/openmined/syfthub-desktop-gui/endpoint_operations.go:258.43,260.9 2 1
github.com/openmined/syfthub-desktop-gui/endpoint_operations.go:264.2,264.26 1 1
github.com/openmined/syfthub-desktop-gui/endpoint_operations.go:264.26,266.3 1 0
github.com/openmined/syfthub-desktop-gui/endpoint_operations.go:269.2,271.74 3 1
github.com/openmined/syfthub-desktop-gui/endpoint_operations.go:271.74,273.3 1 0
github.com/openmined/syfthub-desktop-gui/endpoint_operations.go:276.2,276.34 1 1
github.com/openmined/syfthub-desktop-gui/endpoint_operations.go:276.34,278.3 1 1
github.com/openmined/syfthub-desktop-gui/endpoint_operations.go:281.2,282.16 2 1
github.com/openmined/syfthub-desktop-gui/endpoint_operations.go:282.16,284.3 1 0
github.com/openmined/syfthub-desktop-gui/endpoint_operations.go:287.2,293.35 5 1
github.com/openmined/syfthub-desktop-gui/endpoint_operations.go:293.35,295.3 1 1
github.com/openmined/syfthub-desktop-gui/endpoint_operations.go:297.2,297.58 1 1
github.com/openmined/syfthub-desktop-gui/endpoint_operations.go:301.72,303.16 2 1
github.com/openmined/syfthub-desktop-gui/endpoint_operations.go:303.16,305.3 1 1
github.com/openmined/syfthub-desktop-gui/endpoint_operations.go:307.2,308.53 2 1
github.com/openmined/syfthub-desktop-gui/endpoint_operations.go:308.53,310.3 1 0
github.com/openmined/syfthub-desktop-gui/endpoint_operations.go:312.2,312.37 1 1
github.com/openmined/syfthub-desktop-gui/endpoint_operations.go:316.58,320.21 3 1
github.com/openmined/syfthub-desktop-gui/endpoint_operations.go:320.21,322.3 1 1
github.com/openmined/syfthub-desktop-gui/endpoint_operations.go:324.2,326.16 3 1
github.com/openmined/syfthub-desktop-gui/endpoint_operations.go:326.16,328.3 1 1
github.com/openmined/syfthub-desktop-gui/endpoint_operations.go:330.2,330.29 1 1
github.com/openmined/syfthub-desktop-gui/endpoint_operations.go:334.55,339.19 4 0
github.com/openmined/syfthub-desktop-gui/endpoint_operations.go:339.19,341.3 1 0
github.com/openmined/syfthub-desktop-gui/endpoint_operations.go:343.2,344.69 2 0
github.com/openmined/syfthub-desktop-gui/endpoint_operations.go:344.69,346.3 1 0
github.com/openmined/syfthub-desktop-gui/endpoint_operations.go:348.2,349.12 2 0
github.com/openmined/syfthub-desktop-gui/endpoint_operations.go:353.54,357.21 3 1
github.com/openmined/syfthub-desktop-gui/endpoint_operations.go:357.21,359.3 1 1
github.com/openmined/syfthub-desktop-gui/endpoint_operations.go:361.2,363.16 3 1
github.com/openmined/syfthub-desktop-gui/endpoint_operations.go:363.16,364.25 1 1
github.com/openmined/syfthub-desktop-gui/endpoint_operations.go:364.25,366.4 1 1
github.com/openmined/syfthub-desktop-gui/endpoint_operations.go:367.3,367.61 1 0
github.com/openmined/syfthub-desktop-gui/endpoint_operations.go:370.2,370.29 1 1
github.com/openmined/syfthub-desktop-gui/endpoint_operations.go:374.54,379.19 4 0
github.com/openmined/syfthub-desktop-gui/endpoint_operations.go:379.19,381.3 1 0
github.com/openmined/syfthub-desktop-gui/endpoint_operations.go:383.2,384.72 2 0
github.com/openmined/syfthub-desktop-gui/endpoint_operations.go:384.72,386.3 1 0
github.com/openmined/syfthub-desktop-gui/endpoint_operations.go:388.2,389.12 2 0
github.com/openmined/syfthub-desktop-gui/endpoint_operations.go:393.61,397.21 3 1
github.com/openmined/syfthub-desktop-gui/endpoint_operations.go:397.21,399.3 1 1
github.com/openmined/syfthub-desktop-gui/endpoint_operations.go:401.2,402.31 2 1
github.com/openmined/syfthub-desktop-gui/endpoint_operations.go:406.58,408.16 2 1
github.com/openmined/syfthub-desktop-gui/endpoint_operations.go:408.16,409.25 1 1
github.com/openmined/syfthub-desktop-gui/endpoint_operations.go:409.25,411.4 1 1
github.com/openmined/syfthub-desktop-gui/endpoint_operations.go:412.3,412.18 1 0
github.com/openmined/syfthub-desktop-gui/endpoint_operations.go:414.2,418.21 4 1
github.com/openmined/syfthub-desktop-gui/endpoint_operations.go:418.21,421.49 2 1
github.com/openmined/syfthub-desktop-gui/endpoint_operations.go:421.49,422.12 1 1
github.com/openmined/syfthub-desktop-gui/endpoint_operations.go:425.3,426.22 2 1
github.com/openmined/syfthub-desktop-gui/endpoint_operations.go:426.22,432.4 4 1
github.com/openmined/syfthub-desktop-gui/endpoint_operations.go:435.2,435.28 1 1
github.com/openmined/syfthub-desktop-gui/endpoint_operations.go:439.61,444.19 4 0
github.com/openmined/syfthub-desktop-gui/endpoint_operations.go:444.19,446.3 1 0
github.com/openmined/syfthub-desktop-gui/endpoint_operations.go:448.2,452.39 3 0
github.com/openmined/syfthub-desktop-gui/endpoint_operations.go:452.39,454.3 1 0
github.com/openmined/syfthub-desktop-gui/endpoint_operations.go:457.2,458.25 2 0
github.com/openmined/syfthub-desktop-gui/endpoint_operations.go:458.25,459.19 1 0
github.com/openmined/syfthub-desktop-gui/endpoint_operations.go:459.19,462.9 3 0
github.com/openmined/syfthub-desktop-gui/endpoint_operations.go:465.2,465.12 1 0
github.com/openmined/syfthub-desktop-gui/endpoint_operations.go:465.12,467.3 1 0
github.com/openmined/syfthub-desktop-gui/endpoint_operations.go:470.2,470.38 1 0
github.com/openmined/syfthub-desktop-gui/endpoint_operations.go:474.57,479.19 4 0
github.com/openmined/syfthub-desktop-gui/endpoint_operations.go:479.19,481.3 1 0
github.com/openmined/syfthub-desktop-gui/endpoint_operations.go:483.2,487.16 3 0
github.com/openmined/syfthub-desktop-gui/endpoint_operations.go:487.16,489.3 1 0
github.com/openmined/syfthub-desktop-gui/endpoint_operations.go:492.2,493.25 2 0
github.com/openmined/syfthub-desktop-gui/endpoint_operations.go:493.25,494.19 1 0
github.com/openmined/syfthub-desktop-gui/endpoint_operations.go:494.19,496.4 1 0
github.com/openmined/syfthub-desktop-gui/endpoint_operations.go:500.2,500.41 1 0
github.com/openmined/syfthub-desktop-gui/endpoint_operations.go:504.62,506.25 2 1
github.com/openmined/syfthub-desktop-gui/endpoint_operations.go:506.25,509.45 2 1
github.com/openmined/syfthub-desktop-gui/endpoint_operations.go:509.45,511.4 1 1
github.com/openmined/syfthub-desktop-gui/endpoint_operations.go:512.3,512.60 1 1
github.com/openmined/syfthub-desktop-gui/endpoint_operations.go:515.2,516.20 2 1
github.com/openmined/syfthub-desktop-gui/endpoint_operations.go:516.20,518.3 1 1
github.com/openmined/syfthub-desktop-gui/endpoint_operations.go:520.2,520.50 1 1
github.com/openmined/syfthub-desktop-gui/endpoint_operations.go:524.66,528.21 3 1
github.com/openmined/syfthub-desktop-gui/endpoint_operations.go:528.21,530.3 1 1
github.com/openmined/syfthub-desktop-gui/endpoint_operations.go:532.2,533.42 2 1
github.com/openmined/syfthub-desktop-gui/endpoint_operations.go:537.67,539.16 2 1
github.com/openmined/syfthub-desktop-gui/endpoint_operations.go:539.16,540.25 1 1
github.com/openmined/syfthub-desktop-gui/endpoint_operations.go:540.25,542.4 1 1
github.com/openmined/syfthub-desktop-gui/endpoint_operations.go:543.3,543.18 1 0
github.com/openmined/syfthub-desktop-gui/endpoint_operations.go:546.2,553.29 5 1
github.com/openmined/syfthub-desktop-gui/endpoint_operations.go:553.29,557.86 2 1
github.com/openmined/syfthub-desktop-gui/endpoint_operations.go:557.86,559.12 2 1
github.com/openmined/syfthub-desktop-gui/endpoint_operations.go:563.3,563.62 1 1
github.com/openmined/syfthub-desktop-gui/endpoint_operations.go:563.62,564.19 1 1
github.com/openmined/syfthub-desktop-gui/endpoint_operations.go:564.19,565.13 1 1
github.com/openmined/syfthub-desktop-gui/endpoint_operations.go:567.4,568.12 2 1
github.com/openmined/syfthub-desktop-gui/endpoint_operations.go:571.3,571.60 1 1
github.com/openmined/syfthub-desktop-gui/endpoint_operations.go:571.60,574.23 2 1
github.com/openmined/syfthub-desktop-gui/endpoint_operations.go:574.23,577.42 3 1
github.com/openmined/syfthub-desktop-gui/endpoint_operations.go:577.42,579.6 1 1
github.com/openmined/syfthub-desktop-gui/endpoint_operations.go:580.5,580.68 1 1
github.com/openmined/syfthub-desktop-gui/endpoint_operations.go:585.2,585.18 1 1
github.com/openmined/syfthub-desktop-gui/endpoint_operations.go:589.62,594.19 4 0
github.com/openmined/syfthub-desktop-gui/endpoint_operations.go:594.19,596.3 1 0
github.com/openmined/syfthub-desktop-gui/endpoint_operations.go:598.2,598.15 1 0
github.com/openmined/syfthub-desktop-gui/endpoint_operations.go:598.15,600.3 1 0
github.com/openmined/syfthub-desktop-gui/endpoint_operations.go:602.2,606.39 3 0
github.com/openmined/syfthub-desktop-gui/endpoint_operations.go:606.39,608.3 1 0
github.com/openmined/syfthub-desktop-gui/endpoint_operations.go:610.2,617.19 6 0
github.com/openmined/syfthub-desktop-gui/endpoint_operations.go:617.19,619.3 1 0
github.com/openmined/syfthub-desktop-gui/endpoint_operations.go:621.2,621.29 1 0
github.com/openmined/syfthub-desktop-gui/endpoint_operations.go:621.29,625.53 2 0
github.com/openmined/syfthub-desktop-gui/endpoint_operations.go:625.53,630.38 3 0
github.com/openmined/syfthub-desktop-gui/endpoint_operations.go:630.38,635.13 5 0
github.com/openmined/syfthub-desktop-gui/endpoint_operations.go:637.4,637.12 1 0
github.com/openmined/syfthub-desktop-gui/endpoint_operations.go:641.3,641.29 1 0
github.com/openmined/syfthub-desktop-gui/endpoint_operations.go:641.29,642.22 1 0
github.com/openmined/syfthub-desktop-gui/endpoint_operations.go:642.22,646.5 2 0
github.com/openmined/syfthub-desktop-gui/endpoint_operations.go:649.3,652.42 2 0
github.com/openmined/syfthub-desktop-gui/endpoint_operations.go:652.42,655.40 2 0
github.com/openmined/syfthub-desktop-gui/endpoint_operations.go:655.40,657.65 2 0
github.com/openmined/syfthub-desktop-gui/endpoint_operations.go:657.65,659.11 1 0
github.com/openmined/syfthub-desktop-gui/endpoint_operations.go:666.2,666.16 1 0
github.com/openmined/syfthub-desktop-gui/endpoint_operations.go:666.16,669.33 2 0
github.com/openmined/syfthub-desktop-gui/endpoint_operations.go:669.33,670.46 1 0
github.com/openmined/syfthub-desktop-gui/endpoint_operations.go:670.46,672.10 2 0
github.com/openmined/syfthub-desktop-gui/endpoint_operations.go:676.3,676.18 1 0
github.com/openmined/syfthub-desktop-gui/endpoint_operations.go:676.18,678.4 1 0
github.com/openmined/syfthub-desktop-gui/endpoint_operations.go:678.9,682.34 3 0
github.com/openmined/syfthub-desktop-gui/endpoint_operations.go:682.34,684.60 2 0
github.com/openmined/syfthub-desktop-gui/endpoint_operations.go:684.60,687.6 2 0
github.com/openmined/syfthub-desktop-gui/endpoint_operations.go:689.4,689.26 1 0
github.com/openmined/syfthub-desktop-gui/endpoint_operations.go:691.3,691.18 1 0
github.com/openmined/syfthub-desktop-gui/endpoint_operations.go:694.2,694.15 1 0
github.com/openmined/syfthub-desktop-gui/endpoint_operations.go:694.15,696.3 1 0
github.com/openmined/syfthub-desktop-gui/endpoint_operations.go:698.2,698.80 1 0
github.com/openmined/syfthub-desktop-gui/endpoint_operations.go:702.56,707.19 4 0
github.com/openmined/syfthub-desktop-gui/endpoint_operations.go:707.19,709.3 1 0
github.com/openmined/syfthub-desktop-gui/endpoint_operations.go:711.2,711.15 1 0
github.com/openmined/syfthub-desktop-gui/endpoint_operations.go:711.15,713.3 1 0
github.com/openmined/syfthub-desktop-gui/endpoint_operations.go:715.2,718.16 3 0
github.com/openmined/syfthub-desktop-gui/endpoint_operations.go:718.16,720.3 1 0
github.com/openmined/syfthub-desktop-gui/endpoint_operations.go:722.2,730.29 6 0
github.com/openmined/syfthub-desktop-gui/endpoint_operations.go:730.29,734.92 2 0
github.com/openmined/syfthub-desktop-gui/endpoint_operations.go:734.92,737.12 3 0
github.com/openmined/syfthub-desktop-gui/endpoint_operations.go:740.3,740.109 1 0
github.com/openmined/syfthub-desktop-gui/endpoint_operations.go:740.109,741.22 1 0
github.com/openmined/syfthub-desktop-gui/endpoint_operations.go:741.22,743.5 1 0
github.com/openmined/syfthub-desktop-gui/endpoint_operations.go:744.4,745.12 2 0
github.com/openmined/syfthub-desktop-gui/endpoint_operations.go:749.3,749.46 1 0
github.com/openmined/syfthub-desktop-gui/endpoint_operations.go:749.46,751.12 2 0
github.com/openmined/syfthub-desktop-gui/endpoint_operations.go:754.3,754.36 1 0
github.com/openmined/syfthub-desktop-gui/endpoint_operations.go:757.2,757.14 1 0
github.com/openmined/syfthub-desktop-gui/endpoint_operations.go:757.14,759.3 1 0
github.com/openmined/syfthub-desktop-gui/endpoint_operations.go:761.2,761.80 1 0
github.com/openmined/syfthub-desktop-gui/endpoint_operations.go:765.106,770.19 4 0
github.com/openmined/syfthub-desktop-gui/endpoint_operations.go:770.19,772.3 1 0
github.com/openmined/syfthub-desktop-gui/endpoint_operations.go:774.2,784.71 3 0
github.com/openmined/syfthub-desktop-gui/endpoint_operations.go:784.71,786.3 1 0
github.com/openmined/syfthub-desktop-gui/endpoint_operations.go:788.2,789.12 2 0
github.com/openmined/syfthub-desktop-gui/endpoint_operations.go:794.64,800.19 5 0
github.com/openmined/syfthub-desktop-gui/endpoint_operations.go:800.19,802.3 1 0
github.com/openmined/syfthub-desktop-gui/endpoint_operations.go:804.2,808.16 3 0
github.com/openmined/syfthub-desktop-gui/endpoint_operations.go:808.16,810.3 1 0
github.com/openmined/syfthub-desktop-gui/endpoint_operations.go:813.2,814.32 2 0
github.com/openmined/syfthub-desktop-gui/endpoint_operations.go:814.32,816.3 1 0
github.com/openmined/syfthub-desktop-gui/endpoint_operations.go:819.2,825.71 3 0
github.com/openmined/syfthub-desktop-gui/endpoint_operations.go:825.71,827.3 1 0
github.com/openmined/syfthub-desktop-gui/endpoint_operations.go:831.2,831.17 1 0
github.com/openmined/syfthub-desktop-gui/endpoint_operations.go:831.17,832.49 1 0
github.com/openmined/syfthub-desktop-gui/endpoint_operations.go:832.49,834.4 1 0
github.com/openmined/syfthub-desktop-gui/endpoint_operations.go:836.3,836.28 1 0
github.com/openmined/syfthub-desktop-gui/endpoint_operations.go:839.2,840.24 2 0
github.com/openmined/syfthub-desktop-gui/endpoint_operations.go:844.43,849.19 4 0
github.com/openmined/syfthub-desktop-gui/endpoint_operations.go:849.19,851.3 1 0
github.com/openmined/syfthub-desktop-gui/endpoint_operations.go:854.2,854.65 1 0
github.com/openmined/syfthub-desktop-gui/endpoint_operations.go:854.65,856.3 1 0
github.com/openmined/syfthub-desktop-gui/endpoint_operations.go:859.2,860.24 2 0
github.com/openmined/syfthub-desktop-gui/endpoint_operations.go:861.17,862.55 1 0
github.com/openmined/syfthub-desktop-gui/endpoint_operations.go:863.16,864.51 1 0
github.com/openmined/syfthub-desktop-gui/endpoint_operations.go:865.10,866.55 1 0
github.com/openmined/syfthub-desktop-gui/endpoint_operations.go:869.2,869.20 1 0
github.com/openmined/syfthub-desktop-gui/endpoint_operations.go:873.53,878.19 4 0
github.com/openmined/syfthub-desktop-gui/endpoint_operations.go:878.19,880.3 1 0
github.com/openmined/syfthub-desktop-gui/endpoint_operations.go:882.2,885.57 2 0
github.com/openmined/syfthub-desktop-gui/endpoint_operations.go:885.57,887.3 1 0
github.com/openmined/syfthub-desktop-gui/endpoint_operations.go:890.2,891.24 2 0
github.com/openmined/syfthub-desktop-gui/endpoint_operations.go:892.17,893.47 1 0
github.com/openmined/syfthub-desktop-gui/endpoint_operations.go:894.16,895.43 1 0
github.com/openmined/syfthub-desktop-gui/endpoint_operations.go:896.10,897.47 1 0
github.com/openmined/syfthub-desktop-gui/endpoint_operations.go:900.2,900.20 1 0
github.com/openmined/syfthub-desktop-gui/endpoint_operations.go:905.60,910.19 4 0
github.com/openmined/syfthub-desktop-gui/endpoint_operations.go:910.19,912.3 1 0
github.com/openmined/syfthub-desktop-gui/endpoint_operations.go:914.2,914.23 1 0
github.com/openmined/syfthub-desktop-gui/endpoint_operations.go:914.23,916.3 1 0
github.com/openmined/syfthub-desktop-gui/endpoint_operations.go:918.2,918.23 1 0
github.com/openmined/syfthub-desktop-gui/endpoint_operations.go:918.23,920.3 1 0
github.com/openmined/syfthub-desktop-gui/endpoint_operations.go:922.2,926.59 3 0
github.com/openmined/syfthub-desktop-gui/endpoint_operations.go:926.59,927.54 1 0
github.com/openmined/syfthub-desktop-gui/endpoint_operations.go:927.54,929.4 1 0
github.com/openmined/syfthub-desktop-gui/endpoint_operations.go:930.8,930.32 1 0
github.com/openmined/syfthub-desktop-gui/endpoint_operations.go:930.32,932.3 1 0
github.com/openmined/syfthub-desktop-gui/endpoint_operations.go:932.8,942.3 1 0
github.com/openmined/syfthub-desktop-gui/endpoint_operations.go:945.2,946.32 2 0
github.com/openmined/syfthub-desktop-gui/endpoint_operations.go:946.32,947.28 1 0
github.com/openmined/syfthub-desktop-gui/endpoint_operations.go:947.28,950.9 3 0
github.com/openmined/syfthub-desktop-gui/endpoint_operations.go:953.2,953.12 1 0
github.com/openmined/syfthub-desktop-gui/endpoint_operations.go:953.12,955.3 1 0
github.com/openmined/syfthub-desktop-gui/endpoint_operations.go:958.2,959.16 2 0
github.com/openmined/syfthub-desktop-gui/endpoint_operations.go:959.16,961.3 1 0
github.com/openmined/syfthub-desktop-gui/endpoint_operations.go:963.2,963.66 1 0
github.com/openmined/syfthub-desktop-gui/endpoint_operations.go:963.66,965.3 1 0
github.com/openmined/syfthub-desktop-gui/endpoint_operations.go:967.2,968.12 2 0
github.com/openmined/syfthub-desktop-gui/endpoint_operations.go:972.59,977.19 4 0
github.com/openmined/syfthub-desktop-gui/endpoint_operations.go:977.19,979.3 1 0
github.com/openmined/syfthub-desktop-gui/endpoint_operations.go:981.2,981.22 1 0
github.com/openmined/syfthub-desktop-gui/endpoint_operations.go:981.22,983.3 1 0
github.com/openmined/syfthub-desktop-gui/endpoint_operations.go:985.2,989.16 3 0
github.com/openmined/syfthub-desktop-gui/endpoint_operations.go:989.16,991.3 1 0
github.com/openmined/syfthub-desktop-gui/endpoint_operations.go:993.2,994.53 2 0
github.com/openmined/syfthub-desktop-gui/endpoint_operations.go:994.53,996.3 1 0
github.com/openmined/syfthub-desktop-gui/endpoint_operations.go:999.2,1001.32 3 0
github.com/openmined/syfthub-desktop-gui/endpoint_operations.go:1001.32,1002.27 1 0
github.com/openmined/syfthub-desktop-gui/endpoint_operations.go:1002.27,1004.12 2 0
github.com/openmined/syfthub-desktop-gui/endpoint_operations.go:1006.3,1006.39 1 0
github.com/openmined/syfthub-desktop-gui/endpoint_operations.go:1009.2,1009.12 1 0
github.com/openmined/syfthub-desktop-gui/endpoint_operations.go:1009.12,1011.3 1 0
github.com/openmined/syfthub-desktop-gui/endpoint_operations.go:1013.2,1017.16 3 0
github.com/openmined/syfthub-desktop-gui/endpoint_operations.go:1017.16,1019.3 1 0
github.com/openmined/syfthub-desktop-gui/endpoint_operations.go:1021.2,1021.69 1 0
github.com/openmined/syfthub-desktop-gui/endpoint_operations.go:1021.69,1023.3 1 0
github.com/openmined/syfthub-desktop-gui/endpoint_operations.go:1025.2,1026.12 2 0
github.com/openmined/syfthub-desktop-gui/endpoint_operations.go:1030.58,1035.19 4 1
github.com/openmined/syfthub-desktop-gui/endpoint_operations.go:1035.19,1037.3 1 1
github.com/openmined/syfthub-desktop-gui/endpoint_operations.go:1039.2,1041.16 3 1
github.com/openmined/syfthub-desktop-gui/endpoint_operations.go:1041.16,1042.25 1 1
github.com/openmined/syfthub-desktop-gui/endpoint_operations.go:1042.25,1044.4 1 1
github.com/openmined/syfthub-desktop-gui/endpoint_operations.go:1045.3,1045.18 1 0
github.com/openmined/syfthub-desktop-gui/endpoint_operations.go:1048.2,1048.22 1 1
github.com/openmined/syfthub-desktop-gui/endpoint_operations.go:1052.60,1057.19 4 1
github.com/openmined/syfthub-desktop-gui/endpoint_operations.go:1057.19,1059.3 1 1
github.com/openmined/syfthub-desktop-gui/endpoint_operations.go:1061.2,1063.16 3 1
github.com/openmined/syfthub-desktop-gui/endpoint_operations.go:1063.16,1064.25 1 1
github.com/openmined/syfthub-desktop-gui/endpoint_operations.go:1064.25,1077.4 1 1
github.com/openmined/syfthub-desktop-gui/endpoint_operations.go:1078.3,1078.65 1 0
github.com/openmined/syfthub-desktop-gui/endpoint_operations.go:1081.2,1081.29 1 1
github.com/openmined/syfthub-desktop-gui/endpoint_operations.go:1085.60,1090.19 4 0
github.com/openmined/syfthub-desktop-gui/endpoint_operations.go:1090.19,1092.3 1 0
github.com/openmined/syfthub-desktop-gui/endpoint_operations.go:1095.2,1096.63 2 0
github.com/openmined/syfthub-desktop-gui/endpoint_operations.go:1096.63,1098.3 1 0
github.com/openmined/syfthub-desktop-gui/endpoint_operations.go:1100.2,1101.74 2 0
github.com/openmined/syfthub-desktop-gui/endpoint_operations.go:1101.74,1103.3 1 0
github.com/openmined/syfthub-desktop-gui/endpoint_operations.go:1105.2,1106.12 2 0
github.com/openmined/syfthub-desktop-gui/endpoint_operations.go:1125.70,1130.19 4 1
github.com/openmined/syfthub-desktop-gui/endpoint_operations.go:1130.19,1132.3 1 1
github.com/openmined/syfthub-desktop-gui/endpoint_operations.go:1134.2,1136.16 3 1
github.com/openmined/syfthub-desktop-gui/endpoint_operations.go:1136.16,1137.25 1 1
github.com/openmined/syfthub-desktop-gui/endpoint_operations.go:1137.25,1139.4 1 1
github.com/openmined/syfthub-desktop-gui/endpoint_operations.go:1140.3,1140.69 1 0
github.com/openmined/syfthub-desktop-gui/endpoint_operations.go:1143.2,1144.32 2 1
github.com/openmined/syfthub-desktop-gui/endpoint_operations.go:1144.32,1145.65 1 1
github.com/openmined/syfthub-desktop-gui/endpoint_operations.go:1145.65,1146.12 1 0
github.com/openmined/syfthub-desktop-gui/endpoint_operations.go:1150.3,1152.17 3 1
github.com/openmined/syfthub-desktop-gui/endpoint_operations.go:1152.17,1153.12 1 0
github.com/openmined/syfthub-desktop-gui/endpoint_operations.go:1156.3,1160.62 2 1
github.com/openmined/syfthub-desktop-gui/endpoint_operations.go:1160.62,1161.12 1 0
github.com/openmined/syfthub-desktop-gui/endpoint_operations.go:1164.3,1168.5 1 1
github.com/openmined/syfthub-desktop-gui/endpoint_operations.go:1171.2,1171.22 1 1
github.com/openmined/syfthub-desktop-gui/endpoint_operations.go:1175.72,1180.19 4 1
github.com/openmined/syfthub-desktop-gui/endpoint_operations.go:1180.19,1182.3 1 1
github.com/openmined/syfthub-desktop-gui/endpoint_operations.go:1184.2,1184.20 1 1
github.com/openmined/syfthub-desktop-gui/endpoint_operations.go:1184.20,1186.3 1 1
github.com/openmined/syfthub-desktop-gui/endpoint_operations.go:1189.2,1189.109 1 1
github.com/openmined/syfthub-desktop-gui/endpoint_operations.go:1189.109,1191.3 1 1
github.com/openmined/syfthub-desktop-gui/endpoint_operations.go:1193.2,1195.16 3 1
github.com/openmined/syfthub-desktop-gui/endpoint_operations.go:1195.16,1196.25 1 1
github.com/openmined/syfthub-desktop-gui/endpoint_operations.go:1196.25,1198.4 1 1
github.com/openmined/syfthub-desktop-gui/endpoint_operations.go:1199.3,1199.63 1 0
github.com/openmined/syfthub-desktop-gui/endpoint_operations.go:1202.2,1202.29 1 1
github.com/openmined/syfthub-desktop-gui/endpoint_operations.go:1206.72,1211.19 4 0
github.com/openmined/syfthub-desktop-gui/endpoint_operations.go:1211.19,1213.3 1 0
github.com/openmined/syfthub-desktop-gui/endpoint_operations.go:1215.2,1215.20 1 0
github.com/openmined/syfthub-desktop-gui/endpoint_operations.go:1215.20,1217.3 1 0
github.com/openmined/syfthub-desktop-gui/endpoint_operations.go:1220.2,1220.109 1 0
github.com/openmined/syfthub-desktop-gui/endpoint_operations.go:1220.109,1222.3 1 0
github.com/openmined/syfthub-desktop-gui/endpoint_operations.go:1225.2,1226.63 2 0
github.com/openmined/syfthub-desktop-gui/endpoint_operations.go:1226.63,1228.3 1 0
github.com/openmined/syfthub-desktop-gui/endpoint_operations.go:1230.2,1233.53 2 0
github.com/openmined/syfthub-desktop-gui/endpoint_operations.go:1233.53,1235.3 1 0
github.com/openmined/syfthub-desktop-gui/endpoint_operations.go:1237.2,1238.72 2 0
github.com/openmined/syfthub-desktop-gui/endpoint_operations.go:1238.72,1240.3 1 0
github.com/openmined/syfthub-desktop-gui/endpoint_operations.go:1242.2,1243.12 2 0
github.com/openmined/syfthub-desktop-gui/endpoint_operations.go:1247.61,1252.19 4 0
github.com/openmined/syfthub-desktop-gui/endpoint_operations.go:1252.19,1254.3 1 0
github.com/openmined/syfthub-desktop-gui/endpoint_operations.go:1256.2,1256.20 1 0
github.com/openmined/syfthub-desktop-gui/endpoint_operations.go:1256.20,1258.3 1 0
github.com/openmined/syfthub-desktop-gui/endpoint_operations.go:1261.2,1261.109 1 0
github.com/openmined/syfthub-desktop-gui/endpoint_operations.go:1261.109,1263.3 1 0
github.com/openmined/syfthub-desktop-gui/endpoint_operations.go:1265.2,1266.46 2 0
github.com/openmined/syfthub-desktop-gui/endpoint_operations.go:1266.46,1267.25 1 0
github.com/openmined/syfthub-desktop-gui/endpoint_operations.go:1267.25,1269.4 1 0
github.com/openmined/syfthub-desktop-gui/endpoint_operations.go:1270.3,1270.61 1 0
github.com/openmined/syfthub-desktop-gui/endpoint_operations.go:1273.2,1274.12 2 0
github.com/openmined/syfthub-desktop-gui/endpoint_operations.go:1279.42,1287.25 5 1
github.com/openmined/syfthub-desktop-gui/endpoint_operations.go:1287.25,1288.67 1 1
github.com/openmined/syfthub-desktop-gui/endpoint_operations.go:1288.67,1290.4 1 1
github.com/openmined/syfthub-desktop-gui/endpoint_operations.go:1292.2,1294.35 2 1
github.com/openmined/syfthub-desktop-gui/endpoint_operations.go:1294.35,1296.3 1 0
github.com/openmined/syfthub-desktop-gui/endpoint_operations.go:1298.2,1300.16 2 1
github.com/openmined/syfthub-desktop-gui/endpoint_operations.go:1300.16,1302.3 1 1
github.com/openmined/syfthub-desktop-gui/endpoint_operations.go:1303.2,1303.23 1 1
github.com/openmined/syfthub-desktop-gui/endpoint_operations.go:1307.54,1308.18 1 1
github.com/openmined/syfthub-desktop-gui/endpoint_operations.go:1309.27,1318.13 1 1
github.com/openmined/syfthub-desktop-gui/endpoint_operations.go:1320.25,1330.13 1 1
github.com/openmined/syfthub-desktop-gui/endpoint_operations.go:1332.26,1344.13 1 1
github.com/openmined/syfthub-desktop-gui/endpoint_operations.go:1346.28,1357.13 1 1
github.com/openmined/syfthub-desktop-gui/endpoint_operations.go:1359.27,1372.13 1 1
github.com/openmined/syfthub-desktop-gui/endpoint_operations.go:1374.28,1384.13 1 1
github.com/openmined/syfthub-desktop-gui/endpoint_operations.go:1386.27,1396.13 1 1
github.com/openmined/syfthub-desktop-gui/endpoint_operations.go:1398.21,1401.33 2 1
github.com/openmined/syfthub-desktop-gui/endpoint_operations.go:1401.33,1402.44 1 1
github.com/openmined/syfthub-desktop-gui/endpoint_operations.go:1402.44,1404.5 1 1
github.com/openmined/syfthub-desktop-gui/endpoint_operations.go:1405.9,1407.4 1 1
github.com/openmined/syfthub-desktop-gui/endpoint_operations.go:1408.3,1415.34 1 1
github.com/openmined/syfthub-desktop-gui/endpoint_operations.go:1417.21,1420.33 2 1
github.com/openmined/syfthub-desktop-gui/endpoint_operations.go:1420.33,1421.44 1 1
github.com/openmined/syfthub-desktop-gui/endpoint_operations.go:1421.44,1423.5 1 1
github.com/openmined/syfthub-desktop-gui/endpoint_operations.go:1424.9,1426.4 1 0
github.com/openmined/syfthub-desktop-gui/endpoint_operations.go:1427.3,1434.34 1 1
github.com/openmined/syfthub-desktop-gui/endpoint_operations.go:1436.19,1439.33 2 1
github.com/openmined/syfthub-desktop-gui/endpoint_operations.go:1439.33,1441.4 1 1
github.com/openmined/syfthub-desktop-gui/endpoint_operations.go:1442.3,1443.23 2 1
github.com/openmined/syfthub-desktop-gui/endpoint_operations.go:1443.23,1445.4 1 1
github.com/openmined/syfthub-desktop-gui/endpoint_operations.go:1446.3,1455.42 1 1
github.com/openmined/syfthub-desktop-gui/endpoint_operations.go:1457.10,1463.23 1 1
github.com/openmined/syfthub-desktop-gui/endpoint_operations.go:1468.73,1473.19 4 0
github.com/openmined/syfthub-desktop-gui/endpoint_operations.go:1473.19,1475.3 1 0
github.com/openmined/syfthub-desktop-gui/endpoint_operations.go:1477.2,1477.20 1 0
github.com/openmined/syfthub-desktop-gui/endpoint_operations.go:1477.20,1479.3 1 0
github.com/openmined/syfthub-desktop-gui/endpoint_operations.go:1481.2,1481.20 1 0
github.com/openmined/syfthub-desktop-gui/endpoint_operations.go:1481.20,1483.3 1 0
github.com/openmined/syfthub-desktop-gui/endpoint_operations.go:1486.2,1491.53 3 0
github.com/openmined/syfthub-desktop-gui/endpoint_operations.go:1491.53,1493.3 1 0
github.com/openmined/syfthub-desktop-gui/endpoint_operations.go:1495.2,1498.47 2 0
github.com/openmined/syfthub-desktop-gui/endpoint_operations.go:1498.47,1500.3 1 0
github.com/openmined/syfthub-desktop-gui/endpoint_operations.go:1503.2,1505.72 2 0
github.com/openmined/syfthub-desktop-gui/endpoint_operations.go:1505.72,1507.3 1 0
github.com/openmined/syfthub-desktop-gui/endpoint_operations.go:1509.2,1510.12 2 0
github.com/openmined/syfthub-desktop-gui/endpoint_operations.go:1527.34,1534.25 5 1
github.com/openmined/syfthub-desktop-gui/endpoint_operations.go:1534.25,1535.67 1 1
github.com/openmined/syfthub-desktop-gui/endpoint_operations.go:1535.67,1537.4 1 1
github.com/openmined/syfthub-desktop-gui/endpoint_operations.go:1539.2,1542.35 2 1
github.com/openmined/syfthub-desktop-gui/endpoint_operations.go:1542.35,1544.3 1 1
github.com/openmined/syfthub-desktop-gui/endpoint_operations.go:1545.2,1547.13 2 1
github.com/openmined/syfthub-desktop-gui/endpoint_operations.go:1552.63,1556.21 3 1
github.com/openmined/syfthub-desktop-gui/endpoint_operations.go:1556.21,1558.3 1 1
github.com/openmined/syfthub-desktop-gui/endpoint_operations.go:1560.2,1561.16 2 1
github.com/openmined/syfthub-desktop-gui/endpoint_operations.go:1561.16,1563.3 1 1
github.com/openmined/syfthub-desktop-gui/endpoint_operations.go:1565.2,1569.21 4 1
github.com/openmined/syfthub-desktop-gui/endpoint_operations.go:1574.49,1578.21 3 0
github.com/openmined/syfthub-desktop-gui/endpoint_operations.go:1578.21,1580.3 1 0
github.com/openmined/syfthub-desktop-gui/endpoint_operations.go:1582.2,1582.16 1 0
github.com/openmined/syfthub-desktop-gui/endpoint_operations.go:1582.16,1584.3 1 0
github.com/openmined/syfthub-desktop-gui/endpoint_operations.go:1587.2,1587.97 1 0
github.com/openmined/syfthub-desktop-gui/endpoint_operations.go:1587.97,1589.3 1 0
github.com/openmined/syfthub-desktop-gui/endpoint_operations.go:1591.2,1594.56 2 0
github.com/openmined/syfthub-desktop-gui/endpoint_operations.go:1594.56,1596.3 1 0
github.com/openmined/syfthub-desktop-gui/endpoint_operations.go:1599.2,1599.50 1 0
github.com/openmined/syfthub-desktop-gui/endpoint_operations.go:1599.50,1601.3 1 0
github.com/openmined/syfthub-desktop-gui/endpoint_operations.go:1603.2,1608.12 3 0
github.com/openmined/syfthub-desktop-gui/endpoint_operations.go:1613.73,1617.21 3 0
github.com/openmined/syfthub-desktop-gui/endpoint_operations.go:1617.21,1619.3 1 0
github.com/openmined/syfthub-desktop-gui/endpoint_operations.go:1622.2,1622.20 1 0
github.com/openmined/syfthub-desktop-gui/endpoint_operations.go:1622.20,1624.3 1 0
github.com/openmined/syfthub-desktop-gui/endpoint_operations.go:1625.2,1625.54 1 0
github.com/openmined/syfthub-desktop-gui/endpoint_operations.go:1625.54,1627.3 1 0
github.com/openmined/syfthub-desktop-gui/endpoint_operations.go:1630.2,1631.16 2 0
github.com/openmined/syfthub-desktop-gui/endpoint_operations.go:1631.16,1633.3 1 0
github.com/openmined/syfthub-desktop-gui/endpoint_operations.go:1636.2,1637.57 2 0
github.com/openmined/syfthub-desktop-gui/endpoint_operations.go:1637.57,1639.3 1 0
github.com/openmined/syfthub-desktop-gui/endpoint_operations.go:1642.2,1643.19 2 0
github.com/openmined/syfthub-desktop-gui/endpoint_operations.go:1643.19,1645.3 1 0
github.com/openmined/syfthub-desktop-gui/endpoint_operations.go:1648.2,1648.55 1 0
github.com/openmined/syfthub-desktop-gui/endpoint_operations.go:1648.55,1650.3 1 0
github.com/openmined/syfthub-desktop-gui/endpoint_operations.go:1653.2,1653.20 1 0
github.com/openmined/syfthub-desktop-gui/endpoint_operations.go:1653.20,1655.3 1 0
github.com/openmined/syfthub-desktop-gui/endpoint_operations.go:1658.2,1660.78 3 0
github.com/openmined/syfthub-desktop-gui/endpoint_operations.go:1660.78,1663.3 2 0
github.com/openmined/syfthub-desktop-gui/endpoint_operations.go:1666.2,1673.84 3 0
github.com/openmined/syfthub-desktop-gui/endpoint_operations.go:1673.84,1676.3 2 0
github.com/openmined/syfthub-desktop-gui/endpoint_operations.go:1679.2,1680.23 2 0
github.com/openmined/syfthub-desktop-gui/endpoint_operations.go:1680.23,1682.3 1 0
github.com/openmined/syfthub-desktop-gui/endpoint_operations.go:1683.2,1713.78 4 0
github.com/openmined/syfthub-desktop-gui/endpoint_operations.go:1713.78,1716.3 2 0
github.com/openmined/syfthub-desktop-gui/endpoint_operations.go:1718.2,1723.18 3 0
github.com/openmined/syfthub-desktop-gui/endpoint_operations.go:1727.52,1728.29 1 1
github.com/openmined/syfthub-desktop-gui/endpoint_operations.go:1728.29,1754.3 1 1
github.com/openmined/syfthub-desktop-gui/endpoint_operations.go:1757.2,1788.2 1 1
github.com/openmined/syfthub-desktop-gui/main.go:17.13,74.16 5 0
github.com/openmined/syfthub-desktop-gui/main.go:74.16,76.3 1 0
github.com/openmined/syfthub-desktop-gui/settings.go:23.34,30.2 1 1
github.com/openmined/syfthub-desktop-gui/settings.go:36.39,39.22 2 1
github.com/openmined/syfthub-desktop-gui/settings.go:40.17,42.20 2 0
github.com/openmined/syfthub-desktop-gui/settings.go:42.20,44.18 2 0
github.com/openmined/syfthub-desktop-gui/settings.go:44.18,46.5 1 0
github.com/openmined/syfthub-desktop-gui/settings.go:47.4,47.58 1 0
github.com/openmined/syfthub-desktop-gui/settings.go:49.16,51.17 2 0
github.com/openmined/syfthub-desktop-gui/settings.go:51.17,53.4 1 0
github.com/openmined/syfthub-desktop-gui/settings.go:54.3,54.69 1 0
github.com/openmined/syfthub-desktop-gui/settings.go:55.10,57.20 2 1
github.com/openmined/syfthub-desktop-gui/settings.go:57.20,59.18 2 1
github.com/openmined/syfthub-desktop-gui/settings.go:59.18,61.5 1 0
github.com/openmined/syfthub-desktop-gui/settings.go:62.4,62.47 1 1
github.com/openmined/syfthub-desktop-gui/settings.go:66.2,66.55 1 1
github.com/openmined/syfthub-desktop-gui/settings.go:70.40,72.16 2 1
github.com/openmined/syfthub-desktop-gui/settings.go:72.16,74.3 1 0
github.com/openmined/syfthub-desktop-gui/settings.go:75.2,75.49 1 1
github.com/openmined/syfthub-desktop-gui/settings.go:79.48,81.16 2 1
github.com/openmined/syfthub-desktop-gui/settings.go:81.16,83.3 1 0
github.com/openmined/syfthub-desktop-gui/settings.go:84.2,84.45 1 1
github.com/openmined/syfthub-desktop-gui/settings.go:89.40,91.16 2 1
github.com/openmined/syfthub-desktop-gui/settings.go:91.16,93.3 1 0
github.com/openmined/syfthub-desktop-gui/settings.go:95.2,96.16 2 1
github.com/openmined/syfthub-desktop-gui/settings.go:96.16,97.25 1 1
github.com/openmined/syfthub-desktop-gui/settings.go:97.25,99.4 1 1
github.com/openmined/syfthub-desktop-gui/settings.go:100.3,100.75 1 0
github.com/openmined/syfthub-desktop-gui/settings.go:103.2,104.56 2 1
github.com/openmined/syfthub-desktop-gui/settings.go:104.56,106.3 1 1
github.com/openmined/syfthub-desktop-gui/settings.go:108.2,108.23 1 1
github.com/openmined/syfthub-desktop-gui/settings.go:112.45,114.16 2 1
github.com/openmined/syfthub-desktop-gui/settings.go:114.16,116.3 1 0
github.com/openmined/syfthub-desktop-gui/settings.go:119.2,119.47 1 1
github.com/openmined/syfthub-desktop-gui/settings.go:119.47,121.3 1 0
github.com/openmined/syfthub-desktop-gui/settings.go:123.2,125.16 3 1
github.com/openmined/syfthub-desktop-gui/settings.go:125.16,127.3 1 0
github.com/openmined/syfthub-desktop-gui/settings.go:129.2,129.55 1 1
github.com/openmined/syfthub-desktop-gui/settings.go:129.55,131.3 1 0
github.com/openmined/syfthub-desktop-gui/settings.go:133.2,133.12 1 1
github.com/openmined/syfthub-desktop-gui/settings.go:137.27,139.16 2 1
github.com/openmined/syfthub-desktop-gui/settings.go:139.16,141.3 1 0
github.com/openmined/syfthub-desktop-gui/settings.go:142.2,143.19 2 1
github.com/openmined/syfthub-desktop-gui/settings.go:149.56,150.26 1 1
github.com/openmined/syfthub-desktop-gui/settings.go:150.26,152.3 1 1
github.com/openmined/syfthub-desktop-gui/settings.go:155.2,156.16 2 1
github.com/openmined/syfthub-desktop-gui/settings.go:156.16,158.3 1 0
github.com/openmined/syfthub-desktop-gui/settings.go:160.2,160.38 1 1
github.com/openmined/syfthub-desktop-gui/settings.go:164.44,166.16 2 1
github.com/openmined/syfthub-desktop-gui/settings.go:166.16,168.3 1 0
github.com/openmined/syfthub-desktop-gui/settings.go:170.2,170.51 1 1
github.com/openmined/syfthub-desktop-gui/settings.go:170.51,172.3 1 0
github.com/openmined/syfthub-desktop-gui/settings.go:174.2,174.12 1 1
github.com/openmined/syfthub-desktop-gui/internal/logs/store.go:36.62,38.52 1 1
github.com/openmined/syfthub-desktop-gui/internal/logs/store.go:38.52,40.3 1 0
github.com/openmined/syfthub-desktop-gui/internal/logs/store.go:42.2,52.19 4 1
github.com/openmined/syfthub-desktop-gui/internal/logs/store.go:56.87,57.9 1 1
github.com/openmined/syfthub-desktop-gui/internal/logs/store.go:58.69,59.13 1 1
github.com/openmined/syfthub-desktop-gui/internal/logs/store.go:60.20,61.19 1 1
github.com/openmined/syfthub-desktop-gui/internal/logs/store.go:62.16,63.43 1 0
github.com/openmined/syfthub-desktop-gui/internal/logs/store.go:68.134,72.17 3 1
github.com/openmined/syfthub-desktop-gui/internal/logs/store.go:72.17,74.3 1 1
github.com/openmined/syfthub-desktop-gui/internal/logs/store.go:75.2,75.21 1 1
github.com/openmined/syfthub-desktop-gui/internal/logs/store.go:75.21,77.3 1 1
github.com/openmined/syfthub-desktop-gui/internal/logs/store.go:79.2,82.51 2 1
github.com/openmined/syfthub-desktop-gui/internal/logs/store.go:82.51,88.3 1 1
github.com/openmined/syfthub-desktop-gui/internal/logs/store.go:91.2,92.16 2 1
github.com/openmined/syfthub-desktop-gui/internal/logs/store.go:92.16,94.3 1 0
github.com/openmined/syfthub-desktop-gui/internal/logs/store.go:97.2,97.50 1 1
github.com/openmined/syfthub-desktop-gui/internal/logs/store.go:97.50,99.3 1 0
github.com/openmined/syfthub-desktop-gui/internal/logs/store.go:102.2,103.29 2 1
github.com/openmined/syfthub-desktop-gui/internal/logs/store.go:103.29,105.17 2 1
github.com/openmined/syfthub-desktop-gui/internal/logs/store.go:105.17,106.12 1 0
github.com/openmined/syfthub-desktop-gui/internal/logs/store.go:110.3,110.28 1 1
github.com/openmined/syfthub-desktop-gui/internal/logs/store.go:110.28,111.35 1 1
github.com/openmined/syfthub-desktop-gui/internal/logs/store.go:111.35,113.5 1 1
github.com/openmined/syfthub-desktop-gui/internal/logs/store.go:118.2,118.42 1 1
github.com/openmined/syfthub-desktop-gui/internal/logs/store.go:118.42,120.3 1 1
github.com/openmined/syfthub-desktop-gui/internal/logs/store.go:123.2,125.19 3 1
github.com/openmined/syfthub-desktop-gui/internal/logs/store.go:125.19,127.3 1 0
github.com/openmined/syfthub-desktop-gui/internal/logs/store.go:128.2,129.17 2 1
github.com/openmined/syfthub-desktop-gui/internal/logs/store.go:129.17,131.3 1 1
github.com/openmined/syfthub-desktop-gui/internal/logs/store.go:133.2,137.8 1 1
github.com/openmined/syfthub-desktop-gui/internal/logs/store.go:141.97,148.51 4 1
github.com/openmined/syfthub-desktop-gui/internal/logs/store.go:148.51,150.3 1 1
github.com/openmined/syfthub-desktop-gui/internal/logs/store.go:152.2,153.16 2 1
github.com/openmined/syfthub-desktop-gui/internal/logs/store.go:153.16,155.3 1 0
github.com/openmined/syfthub-desktop-gui/internal/logs/store.go:157.2,161.29 4 1
github.com/openmined/syfthub-desktop-gui/internal/logs/store.go:161.29,163.17 2 1
github.com/openmined/syfthub-desktop-gui/internal/logs/store.go:163.17,164.12 1 0
github.com/openmined/syfthub-desktop-gui/internal/logs/store.go:167.3,167.28 1 1
github.com/openmined/syfthub-desktop-gui/internal/logs/store.go:167.28,170.27 2 1
github.com/openmined/syfthub-desktop-gui/internal/logs/store.go:170.27,171.29 1 1
github.com/openmined/syfthub-desktop-gui/internal/logs/store.go:171.29,173.6 1 1
github.com/openmined/syfthub-desktop-gui/internal/logs/store.go:173.11,175.6 1 1
github.com/openmined/syfthub-desktop-gui/internal/logs/store.go:178.4,178.72 1 1
github.com/openmined/syfthub-desktop-gui/internal/logs/store.go:178.72,180.5 1 1
github.com/openmined/syfthub-desktop-gui/internal/logs/store.go:182.4,182.25 1 1
github.com/openmined/syfthub-desktop-gui/internal/logs/store.go:182.25,184.5 1 1
github.com/openmined/syfthub-desktop-gui/internal/logs/store.go:186.4,186.37 1 1
github.com/openmined/syfthub-desktop-gui/internal/logs/store.go:186.37,188.5 1 1
github.com/openmined/syfthub-desktop-gui/internal/logs/store.go:192.2,192.29 1 1
github.com/openmined/syfthub-desktop-gui/internal/logs/store.go:192.29,194.3 1 1
github.com/openmined/syfthub-desktop-gui/internal/logs/store.go:196.2,196.24 1 1
github.com/openmined/syfthub-desktop-gui/internal/logs/store.go:196.24,198.3 1 1
github.com/openmined/syfthub-desktop-gui/internal/logs/store.go:200.2,200.19 1 1
github.com/openmined/syfthub-desktop-gui/internal/logs/store.go:204.38,208.2 3 1
github.com/openmined/syfthub-desktop-gui/internal/logs/store.go:211.37,214.6 2 1
github.com/openmined/syfthub-desktop-gui/internal/logs/store.go:214.6,215.10 1 1
github.com/openmined/syfthub-desktop-gui/internal/logs/store.go:216.27,217.37 1 1
github.com/openmined/syfthub-desktop-gui/internal/logs/store.go:218.17,220.8 1 1
github.com/openmined/syfthub-desktop-gui/internal/logs/store.go:220.8,221.12 1 1
github.com/openmined/syfthub-desktop-gui/internal/logs/store.go:222.29,223.39 1 1
github.com/openmined/syfthub-desktop-gui/internal/logs/store.go:224.13,225.12 1 1
github.com/openmined/syfthub-desktop-gui/internal/logs/store.go:233.78,238.50 4 1
github.com/openmined/syfthub-desktop-gui/internal/logs/store.go:238.50,240.3 1 0
github.com/openmined/syfthub-desktop-gui/internal/logs/store.go:243.2,248.16 4 1
github.com/openmined/syfthub-desktop-gui/internal/logs/store.go:248.16,250.3 1 0
github.com/openmined/syfthub-desktop-gui/internal/logs/store.go:251.2,255.16 3 1
github.com/openmined/syfthub-desktop-gui/internal/logs/store.go:255.16,257.3 1 0
github.com/openmined/syfthub-desktop-gui/internal/logs/store.go:259.2,260.23 2 1
github.com/openmined/syfthub-desktop-gui/internal/logs/store.go:264.59,266.2 1 1
github.com/openmined/syfthub-desktop-gui/internal/logs/store.go:269.69,271.16 2 1
github.com/openmined/syfthub-desktop-gui/internal/logs/store.go:271.16,273.3 1 1
github.com/openmined/syfthub-desktop-gui/internal/logs/store.go:275.2,276.32 2 1
github.com/openmined/syfthub-desktop-gui/internal/logs/store.go:276.32,277.66 1 1
github.com/openmined/syfthub-desktop-gui/internal/logs/store.go:277.66,279.4 1 1
github.com/openmined/syfthub-desktop-gui/internal/logs/store.go:283.2,283.40 1 1
github.com/openmined/syfthub-desktop-gui/internal/logs/store.go:283.40,285.3 1 1
github.com/openmined/syfthub-desktop-gui/internal/logs/store.go:287.2,287.19 1 1
github.com/openmined/syfthub-desktop-gui/internal/logs/store.go:291.103,293.29 2 1
github.com/openmined/syfthub-desktop-gui/internal/logs/store.go:293.29,297.17 3 1
github.com/openmined/syfthub-desktop-gui/internal/logs/store.go:297.17,298.12 1 0
github.com/openmined/syfthub-desktop-gui/internal/logs/store.go:302.3,302.76 1 1
github.com/openmined/syfthub-desktop-gui/internal/logs/store.go:302.76,303.12 1 1
github.com/openmined/syfthub-desktop-gui/internal/logs/store.go:305.3,305.71 1 1
github.com/openmined/syfthub-desktop-gui/internal/logs/store.go:305.71,306.12 1 1
github.com/openmined/syfthub-desktop-gui/internal/logs/store.go:309.3,309.36 1 1
github.com/openmined/syfthub-desktop-gui/internal/logs/store.go:311.2,311.17 1 1
github.com/openmined/syfthub-desktop-gui/internal/logs/store.go:315.83,317.16 2 1
github.com/openmined/syfthub-desktop-gui/internal/logs/store.go:317.16,319.3 1 0
github.com/openmined/syfthub-desktop-gui/internal/logs/store.go:320.2,330.21 7 1
github.com/openmined/syfthub-desktop-gui/internal/logs/store.go:330.21,332.21 2 1
github.com/openmined/syfthub-desktop-gui/internal/logs/store.go:332.21,333.12 1 0
github.com/openmined/syfthub-desktop-gui/internal/logs/store.go:336.3,337.52 2 1
github.com/openmined/syfthub-desktop-gui/internal/logs/store.go:337.52,338.12 1 0
github.com/openmined/syfthub-desktop-gui/internal/logs/store.go:340.3,340.28 1 1
github.com/openmined/syfthub-desktop-gui/internal/logs/store.go:343.2,343.28 1 1
github.com/openmined/syfthub-desktop-gui/internal/logs/store.go:347.106,349.68 1 1
github.com/openmined/syfthub-desktop-gui/internal/logs/store.go:349.68,351.3 1 1
github.com/openmined/syfthub-desktop-gui/internal/logs/store.go:352.2,352.63 1 1
github.com/openmined/syfthub-desktop-gui/internal/logs/store.go:352.63,354.3 1 1
github.com/openmined/syfthub-desktop-gui/internal/logs/store.go:357.2,357.23 1 1
github.com/openmined/syfthub-desktop-gui/internal/logs/store.go:357.23,358.81 1 1
github.com/openmined/syfthub-desktop-gui/internal/logs/store.go:358.81,360.4 1 1
github.com/openmined/syfthub-desktop-gui/internal/logs/store.go:361.3,361.78 1 1
github.com/openmined/syfthub-desktop-gui/internal/logs/store.go:361.78,363.4 1 1
github.com/openmined/syfthub-desktop-gui/internal/logs/store.go:367.2,367.23 1 1
github.com/openmined/syfthub-desktop-gui/internal/logs/store.go:367.23,368.52 1 1
github.com/openmined/syfthub-desktop-gui/internal/logs/store.go:368.52,370.4 1 1
github.com/openmined/syfthub-desktop-gui/internal/logs/store.go:374.2,374.21 1 1
github.com/openmined/syfthub-desktop-gui/internal/logs/store.go:374.21,375.49 1 1
github.com/openmined/syfthub-desktop-gui/internal/logs/store.go:375.49,377.4 1 1
github.com/openmined/syfthub-desktop-gui/internal/logs/store.go:380.2,380.13 1 1
github.com/openmined/syfthub-desktop-gui/internal/logs/store.go:384.108,391.16 5 1
github.com/openmined/syfthub-desktop-gui/internal/logs/store.go:391.16,393.3 1 1
github.com/openmined/syfthub-desktop-gui/internal/logs/store.go:395.2,395.29 1 1
github.com/openmined/syfthub-desktop-gui/internal/logs/store.go:395.29,397.17 2 1
github.com/openmined/syfthub-desktop-gui/internal/logs/store.go:397.17,398.12 1 0
github.com/openmined/syfthub-desktop-gui/internal/logs/store.go:401.3,401.28 1 1
github.com/openmined/syfthub-desktop-gui/internal/logs/store.go:401.28,402.23 1 1
github.com/openmined/syfthub-desktop-gui/internal/logs/store.go:402.23,404.5 1 1
github.com/openmined/syfthub-desktop-gui/internal/logs/store.go:408.2,408.58 1 0
github.com/openmined/syfthub-desktop-gui/internal/logs/store.go:412.75,418.2 4 1
github.com/openmined/syfthub-desktop-gui/internal/logs/store.go:421.44,423.16 2 1
github.com/openmined/syfthub-desktop-gui/internal/logs/store.go:423.16,425.3 1 0
github.com/openmined/syfthub-desktop-gui/internal/logs/store.go:426.2,426.65 1 1
